# JRE version: OpenJDK Runtime Environment Temurin-17.0.14+7 (17.0.14+7) (build 17.0.14+7)
# Java VM: OpenJDK 64-Bit Server VM Temurin-17.0.14+7 (17.0.14+7, mixed mode, sharing, tiered, compressed oops, compressed class ptrs, g1 gc, windows-amd64)
GC Precious Log:
 CPUs: 12 total, 12 available
 Memory: 7917M
 Large Page Support: Disabled
 NUMA Support: Disabled
 Compressed Oops: Enabled (32-bit)
 Heap Region Size: 1M
 Heap Min Capacity: 8M
 Heap Initial Capacity: 124M
 Heap Max Capacity: 1536M
 Pre-touch: Disabled
 Parallel Workers: 10
 Concurrent Workers: 3
 Concurrent Refinement Workers: 10
 Periodic GC: Disabled
Heap:
 garbage-first heap   total 152576K, used 99494K [0x00000000a0000000, 0x0000000100000000)
  region size 1024K, 9 young (9216K), 1 survivors (1024K)
 Metaspace       used 73572K, committed 74240K, reserved 1114112K
  class space    used 10195K, committed 10496K, reserved 1048576K
GC Heap History (20 events):
Event: 14.978 GC heap before
{Heap before GC invocations=39 (full 0):
 garbage-first heap   total 122880K, used 93102K [0x00000000a0000000, 0x0000000100000000)
  region size 1024K, 27 young (27648K), 2 survivors (2048K)
 Metaspace       used 62030K, committed 62656K, reserved 1114112K
  class space    used 8400K, committed 8704K, reserved 1048576K
}
Event: 14.981 GC heap after
{Heap after GC invocations=40 (full 0):
 garbage-first heap   total 147456K, used 69675K [0x00000000a0000000, 0x0000000100000000)
  region size 1024K, 3 young (3072K), 3 survivors (3072K)
 Metaspace       used 62030K, committed 62656K, reserved 1114112K
  class space    used 8400K, committed 8704K, reserved 1048576K
}
Event: 15.265 GC heap before
{Heap before GC invocations=41 (full 0):
 garbage-first heap   total 147456K, used 110635K [0x00000000a0000000, 0x0000000100000000)
  region size 1024K, 43 young (44032K), 3 survivors (3072K)
 Metaspace       used 62587K, committed 63168K, reserved 1114112K
  class space    used 8505K, committed 8768K, reserved 1048576K
}
Event: 15.274 GC heap after
{Heap after GC invocations=42 (full 0):
 garbage-first heap   total 147456K, used 73038K [0x00000000a0000000, 0x0000000100000000)
  region size 1024K, 6 young (6144K), 6 survivors (6144K)
 Metaspace       used 62587K, committed 63168K, reserved 1114112K
  class space    used 8505K, committed 8768K, reserved 1048576K
}
Event: 15.750 GC heap before
{Heap before GC invocations=42 (full 0):
 garbage-first heap   total 147456K, used 113998K [0x00000000a0000000, 0x0000000100000000)
  region size 1024K, 46 young (47104K), 6 survivors (6144K)
 Metaspace       used 65007K, committed 65600K, reserved 1114112K
  class space    used 8825K, committed 9088K, reserved 1048576K
}
Event: 15.755 GC heap after
{Heap after GC invocations=43 (full 0):
 garbage-first heap   total 147456K, used 75456K [0x00000000a0000000, 0x0000000100000000)
  region size 1024K, 3 young (3072K), 3 survivors (3072K)
 Metaspace       used 65007K, committed 65600K, reserved 1114112K
  class space    used 8825K, committed 9088K, reserved 1048576K
}
Event: 15.905 GC heap before
{Heap before GC invocations=44 (full 0):
 garbage-first heap   total 147456K, used 87744K [0x00000000a0000000, 0x0000000100000000)
  region size 1024K, 16 young (16384K), 3 survivors (3072K)
 Metaspace       used 65965K, committed 66560K, reserved 1114112K
  class space    used 8967K, committed 9280K, reserved 1048576K
}
Event: 15.908 GC heap after
{Heap after GC invocations=45 (full 0):
 garbage-first heap   total 147456K, used 75898K [0x00000000a0000000, 0x0000000100000000)
  region size 1024K, 3 young (3072K), 3 survivors (3072K)
 Metaspace       used 65965K, committed 66560K, reserved 1114112K
  class space    used 8967K, committed 9280K, reserved 1048576K
}
Event: 16.485 GC heap before
{Heap before GC invocations=46 (full 0):
 garbage-first heap   total 147456K, used 118906K [0x00000000a0000000, 0x0000000100000000)
  region size 1024K, 44 young (45056K), 3 survivors (3072K)
 Metaspace       used 69292K, committed 69952K, reserved 1114112K
  class space    used 9559K, committed 9856K, reserved 1048576K
}
Event: 16.489 GC heap after
{Heap after GC invocations=47 (full 0):
 garbage-first heap   total 147456K, used 76929K [0x00000000a0000000, 0x0000000100000000)
  region size 1024K, 4 young (4096K), 4 survivors (4096K)
 Metaspace       used 69292K, committed 69952K, reserved 1114112K
  class space    used 9559K, committed 9856K, reserved 1048576K
}
Event: 17.262 GC heap before
{Heap before GC invocations=47 (full 0):
 garbage-first heap   total 147456K, used 119937K [0x00000000a0000000, 0x0000000100000000)
  region size 1024K, 46 young (47104K), 4 survivors (4096K)
 Metaspace       used 72368K, committed 73024K, reserved 1114112K
  class space    used 9988K, committed 10304K, reserved 1048576K
}
Event: 17.268 GC heap after
{Heap after GC invocations=48 (full 0):
 garbage-first heap   total 147456K, used 79804K [0x00000000a0000000, 0x0000000100000000)
  region size 1024K, 5 young (5120K), 5 survivors (5120K)
 Metaspace       used 72368K, committed 73024K, reserved 1114112K
  class space    used 9988K, committed 10304K, reserved 1048576K
}
Event: 17.538 GC heap before
{Heap before GC invocations=49 (full 0):
 garbage-first heap   total 147456K, used 119740K [0x00000000a0000000, 0x0000000100000000)
  region size 1024K, 45 young (46080K), 5 survivors (5120K)
 Metaspace       used 72478K, committed 73152K, reserved 1114112K
  class space    used 9988K, committed 10304K, reserved 1048576K
}
Event: 17.543 GC heap after
{Heap after GC invocations=50 (full 0):
 garbage-first heap   total 147456K, used 81479K [0x00000000a0000000, 0x0000000100000000)
  region size 1024K, 5 young (5120K), 5 survivors (5120K)
 Metaspace       used 72478K, committed 73152K, reserved 1114112K
  class space    used 9988K, committed 10304K, reserved 1048576K
}
Event: 17.689 GC heap before
{Heap before GC invocations=50 (full 0):
 garbage-first heap   total 147456K, used 120391K [0x00000000a0000000, 0x0000000100000000)
  region size 1024K, 44 young (45056K), 5 survivors (5120K)
 Metaspace       used 72482K, committed 73216K, reserved 1114112K
  class space    used 9989K, committed 10304K, reserved 1048576K
}
Event: 17.693 GC heap after
{Heap after GC invocations=51 (full 0):
 garbage-first heap   total 147456K, used 82764K [0x00000000a0000000, 0x0000000100000000)
  region size 1024K, 4 young (4096K), 4 survivors (4096K)
 Metaspace       used 72482K, committed 73216K, reserved 1114112K
  class space    used 9989K, committed 10304K, reserved 1048576K
}
Event: 18.112 GC heap before
{Heap before GC invocations=52 (full 0):
 garbage-first heap   total 152576K, used 127820K [0x00000000a0000000, 0x0000000100000000)
  region size 1024K, 43 young (44032K), 4 survivors (4096K)
 Metaspace       used 73012K, committed 73664K, reserved 1114112K
  class space    used 10079K, committed 10368K, reserved 1048576K
}
Event: 18.116 GC heap after
{Heap after GC invocations=53 (full 0):
 garbage-first heap   total 152576K, used 91941K [0x00000000a0000000, 0x0000000100000000)
  region size 1024K, 6 young (6144K), 6 survivors (6144K)
 Metaspace       used 73012K, committed 73664K, reserved 1114112K
  class space    used 10079K, committed 10368K, reserved 1048576K
}
Event: 18.128 GC heap before
{Heap before GC invocations=53 (full 0):
 garbage-first heap   total 152576K, used 92965K [0x00000000a0000000, 0x0000000100000000)
  region size 1024K, 7 young (7168K), 6 survivors (6144K)
 Metaspace       used 73051K, committed 73664K, reserved 1114112K
  class space    used 10090K, committed 10368K, reserved 1048576K
}
Event: 18.132 GC heap after
{Heap after GC invocations=54 (full 0):
 garbage-first heap   total 152576K, used 92326K [0x00000000a0000000, 0x0000000100000000)
  region size 1024K, 1 young (1024K), 1 survivors (1024K)
 Metaspace       used 73051K, committed 73664K, reserved 1114112K
  class space    used 10090K, committed 10368K, reserved 1048576K
}

