# JRE version: OpenJDK Runtime Environment Temurin-17.0.14+7 (17.0.14+7) (build 17.0.14+7)
# Java VM: OpenJDK 64-Bit Server VM Temurin-17.0.14+7 (17.0.14+7, mixed mode, sharing, tiered, compressed oops, compressed class ptrs, g1 gc, windows-amd64)
GC Precious Log:
 CPUs: 12 total, 12 available
 Memory: 7917M
 Large Page Support: Disabled
 NUMA Support: Disabled
 Compressed Oops: Enabled (32-bit)
 Heap Region Size: 1M
 Heap Min Capacity: 8M
 Heap Initial Capacity: 124M
 Heap Max Capacity: 1536M
 Pre-touch: Disabled
 Parallel Workers: 10
 Concurrent Workers: 3
 Concurrent Refinement Workers: 10
 Periodic GC: Disabled
Heap:
 garbage-first heap   total 107520K, used 69573K [0x00000000a0000000, 0x0000000100000000)
  region size 1024K, 32 young (32768K), 5 survivors (5120K)
 Metaspace       used 48877K, committed 49472K, reserved 1114112K
  class space    used 6848K, committed 7104K, reserved 1048576K
GC Heap History (20 events):
Event: 2.165 GC heap before
{Heap before GC invocations=2 (full 0):
 garbage-first heap   total 126976K, used 58275K [0x00000000a0000000, 0x0000000100000000)
  region size 1024K, 49 young (50176K), 5 survivors (5120K)
 Metaspace       used 4582K, committed 4736K, reserved 1114112K
  class space    used 570K, committed 640K, reserved 1048576K
}
Event: 2.172 GC heap after
{Heap after GC invocations=3 (full 0):
 garbage-first heap   total 126976K, used 16290K [0x00000000a0000000, 0x0000000100000000)
  region size 1024K, 5 young (5120K), 5 survivors (5120K)
 Metaspace       used 4582K, committed 4736K, reserved 1114112K
  class space    used 570K, committed 640K, reserved 1048576K
}
Event: 4.552 GC heap before
{Heap before GC invocations=3 (full 0):
 garbage-first heap   total 126976K, used 86946K [0x00000000a0000000, 0x0000000100000000)
  region size 1024K, 74 young (75776K), 5 survivors (5120K)
 Metaspace       used 17038K, committed 17280K, reserved 1114112K
  class space    used 2404K, committed 2496K, reserved 1048576K
}
Event: 4.560 GC heap after
{Heap after GC invocations=4 (full 0):
 garbage-first heap   total 126976K, used 21789K [0x00000000a0000000, 0x0000000100000000)
  region size 1024K, 10 young (10240K), 10 survivors (10240K)
 Metaspace       used 17038K, committed 17280K, reserved 1114112K
  class space    used 2404K, committed 2496K, reserved 1048576K
}
Event: 5.215 GC heap before
{Heap before GC invocations=4 (full 0):
 garbage-first heap   total 126976K, used 58653K [0x00000000a0000000, 0x0000000100000000)
  region size 1024K, 47 young (48128K), 10 survivors (10240K)
 Metaspace       used 21143K, committed 21504K, reserved 1114112K
  class space    used 3085K, committed 3264K, reserved 1048576K
}
Event: 5.222 GC heap after
{Heap after GC invocations=5 (full 0):
 garbage-first heap   total 126976K, used 24694K [0x00000000a0000000, 0x0000000100000000)
  region size 1024K, 4 young (4096K), 4 survivors (4096K)
 Metaspace       used 21143K, committed 21504K, reserved 1114112K
  class space    used 3085K, committed 3264K, reserved 1048576K
}
Event: 5.967 GC heap before
{Heap before GC invocations=6 (full 0):
 garbage-first heap   total 89088K, used 72822K [0x00000000a0000000, 0x0000000100000000)
  region size 1024K, 52 young (53248K), 4 survivors (4096K)
 Metaspace       used 27051K, committed 27456K, reserved 1114112K
  class space    used 3966K, committed 4160K, reserved 1048576K
}
Event: 5.972 GC heap after
{Heap after GC invocations=7 (full 0):
 garbage-first heap   total 89088K, used 27644K [0x00000000a0000000, 0x0000000100000000)
  region size 1024K, 6 young (6144K), 6 survivors (6144K)
 Metaspace       used 27051K, committed 27456K, reserved 1114112K
  class space    used 3966K, committed 4160K, reserved 1048576K
}
Event: 6.681 GC heap before
{Heap before GC invocations=7 (full 0):
 garbage-first heap   total 89088K, used 66556K [0x00000000a0000000, 0x0000000100000000)
  region size 1024K, 45 young (46080K), 6 survivors (6144K)
 Metaspace       used 32227K, committed 32640K, reserved 1114112K
  class space    used 4711K, committed 4928K, reserved 1048576K
}
Event: 6.686 GC heap after
{Heap after GC invocations=8 (full 0):
 garbage-first heap   total 89088K, used 30438K [0x00000000a0000000, 0x0000000100000000)
  region size 1024K, 3 young (3072K), 3 survivors (3072K)
 Metaspace       used 32227K, committed 32640K, reserved 1114112K
  class space    used 4711K, committed 4928K, reserved 1048576K
}
Event: 6.939 GC heap before
{Heap before GC invocations=8 (full 0):
 garbage-first heap   total 89088K, used 42726K [0x00000000a0000000, 0x0000000100000000)
  region size 1024K, 17 young (17408K), 3 survivors (3072K)
 Metaspace       used 35561K, committed 35968K, reserved 1114112K
  class space    used 5069K, committed 5248K, reserved 1048576K
}
Event: 6.942 GC heap after
{Heap after GC invocations=9 (full 0):
 garbage-first heap   total 89088K, used 31506K [0x00000000a0000000, 0x0000000100000000)
  region size 1024K, 4 young (4096K), 4 survivors (4096K)
 Metaspace       used 35561K, committed 35968K, reserved 1114112K
  class space    used 5069K, committed 5248K, reserved 1048576K
}
Event: 7.358 GC heap before
{Heap before GC invocations=10 (full 0):
 garbage-first heap   total 89088K, used 72466K [0x00000000a0000000, 0x0000000100000000)
  region size 1024K, 39 young (39936K), 4 survivors (4096K)
 Metaspace       used 37934K, committed 38400K, reserved 1114112K
  class space    used 5267K, committed 5504K, reserved 1048576K
}
Event: 7.364 GC heap after
{Heap after GC invocations=11 (full 0):
 garbage-first heap   total 89088K, used 35495K [0x00000000a0000000, 0x0000000100000000)
  region size 1024K, 5 young (5120K), 5 survivors (5120K)
 Metaspace       used 37934K, committed 38400K, reserved 1114112K
  class space    used 5267K, committed 5504K, reserved 1048576K
}
Event: 7.982 GC heap before
{Heap before GC invocations=11 (full 0):
 garbage-first heap   total 89088K, used 68263K [0x00000000a0000000, 0x0000000100000000)
  region size 1024K, 37 young (37888K), 5 survivors (5120K)
 Metaspace       used 40487K, committed 41024K, reserved 1114112K
  class space    used 5664K, committed 5888K, reserved 1048576K
}
Event: 7.990 GC heap after
{Heap after GC invocations=12 (full 0):
 garbage-first heap   total 107520K, used 39158K [0x00000000a0000000, 0x0000000100000000)
  region size 1024K, 4 young (4096K), 4 survivors (4096K)
 Metaspace       used 40487K, committed 41024K, reserved 1114112K
  class space    used 5664K, committed 5888K, reserved 1048576K
}
Event: 8.687 GC heap before
{Heap before GC invocations=12 (full 0):
 garbage-first heap   total 107520K, used 81142K [0x00000000a0000000, 0x0000000100000000)
  region size 1024K, 44 young (45056K), 4 survivors (4096K)
 Metaspace       used 44406K, committed 44928K, reserved 1114112K
  class space    used 6181K, committed 6400K, reserved 1048576K
}
Event: 8.690 GC heap after
{Heap after GC invocations=13 (full 0):
 garbage-first heap   total 107520K, used 41107K [0x00000000a0000000, 0x0000000100000000)
  region size 1024K, 3 young (3072K), 3 survivors (3072K)
 Metaspace       used 44406K, committed 44928K, reserved 1114112K
  class space    used 6181K, committed 6400K, reserved 1048576K
}
Event: 9.600 GC heap before
{Heap before GC invocations=13 (full 0):
 garbage-first heap   total 107520K, used 81043K [0x00000000a0000000, 0x0000000100000000)
  region size 1024K, 42 young (43008K), 3 survivors (3072K)
 Metaspace       used 47896K, committed 48448K, reserved 1114112K
  class space    used 6678K, committed 6912K, reserved 1048576K
}
Event: 9.605 GC heap after
{Heap after GC invocations=14 (full 0):
 garbage-first heap   total 107520K, used 43973K [0x00000000a0000000, 0x0000000100000000)
  region size 1024K, 5 young (5120K), 5 survivors (5120K)
 Metaspace       used 47896K, committed 48448K, reserved 1114112K
  class space    used 6678K, committed 6912K, reserved 1048576K
}

