# JRE version: OpenJDK Runtime Environment Temurin-17.0.14+7 (17.0.14+7) (build 17.0.14+7)
# Java VM: OpenJDK 64-Bit Server VM Temurin-17.0.14+7 (17.0.14+7, mixed mode, sharing, tiered, compressed oops, compressed class ptrs, g1 gc, windows-amd64)
GC Precious Log:
 CPUs: 12 total, 12 available
 Memory: 7917M
 Large Page Support: Disabled
 NUMA Support: Disabled
 Compressed Oops: Enabled (32-bit)
 Heap Region Size: 1M
 Heap Min Capacity: 8M
 Heap Initial Capacity: 124M
 Heap Max Capacity: 1536M
 Pre-touch: Disabled
 Parallel Workers: 10
 Concurrent Workers: 3
 Concurrent Refinement Workers: 10
 Periodic GC: Disabled
Heap:
 garbage-first heap   total 126976K, used 64186K [0x00000000a0000000, 0x0000000100000000)
  region size 1024K, 1 young (1024K), 1 survivors (1024K)
 Metaspace       used 53678K, committed 54272K, reserved 1114112K
  class space    used 7354K, committed 7616K, reserved 1048576K
GC Heap History (20 events):
Event: 7.464 GC heap after
{Heap after GC invocations=12 (full 0):
 garbage-first heap   total 107520K, used 39372K [0x00000000a0000000, 0x0000000100000000)
  region size 1024K, 4 young (4096K), 4 survivors (4096K)
 Metaspace       used 40082K, committed 40640K, reserved 1114112K
  class space    used 5611K, committed 5888K, reserved 1048576K
}
Event: 8.070 GC heap before
{Heap before GC invocations=12 (full 0):
 garbage-first heap   total 107520K, used 79308K [0x00000000a0000000, 0x0000000100000000)
  region size 1024K, 42 young (43008K), 4 survivors (4096K)
 Metaspace       used 43565K, committed 44096K, reserved 1114112K
  class space    used 6030K, committed 6272K, reserved 1048576K
}
Event: 8.074 GC heap after
{Heap after GC invocations=13 (full 0):
 garbage-first heap   total 107520K, used 41947K [0x00000000a0000000, 0x0000000100000000)
  region size 1024K, 3 young (3072K), 3 survivors (3072K)
 Metaspace       used 43565K, committed 44096K, reserved 1114112K
  class space    used 6030K, committed 6272K, reserved 1048576K
}
Event: 8.682 GC heap before
{Heap before GC invocations=13 (full 0):
 garbage-first heap   total 107520K, used 79835K [0x00000000a0000000, 0x0000000100000000)
  region size 1024K, 40 young (40960K), 3 survivors (3072K)
 Metaspace       used 47335K, committed 47872K, reserved 1114112K
  class space    used 6617K, committed 6848K, reserved 1048576K
}
Event: 8.685 GC heap after
{Heap after GC invocations=14 (full 0):
 garbage-first heap   total 107520K, used 43506K [0x00000000a0000000, 0x0000000100000000)
  region size 1024K, 4 young (4096K), 4 survivors (4096K)
 Metaspace       used 47335K, committed 47872K, reserved 1114112K
  class space    used 6617K, committed 6848K, reserved 1048576K
}
Event: 9.403 GC heap before
{Heap before GC invocations=14 (full 0):
 garbage-first heap   total 107520K, used 81394K [0x00000000a0000000, 0x0000000100000000)
  region size 1024K, 42 young (43008K), 4 survivors (4096K)
 Metaspace       used 48779K, committed 49344K, reserved 1114112K
  class space    used 6806K, committed 7040K, reserved 1048576K
}
Event: 9.409 GC heap after
{Heap after GC invocations=15 (full 0):
 garbage-first heap   total 107520K, used 47403K [0x00000000a0000000, 0x0000000100000000)
  region size 1024K, 6 young (6144K), 6 survivors (6144K)
 Metaspace       used 48779K, committed 49344K, reserved 1114112K
  class space    used 6806K, committed 7040K, reserved 1048576K
}
Event: 9.731 GC heap before
{Heap before GC invocations=15 (full 0):
 garbage-first heap   total 107520K, used 82219K [0x00000000a0000000, 0x0000000100000000)
  region size 1024K, 41 young (41984K), 6 survivors (6144K)
 Metaspace       used 49210K, committed 49792K, reserved 1114112K
  class space    used 6832K, committed 7104K, reserved 1048576K
}
Event: 9.736 GC heap after
{Heap after GC invocations=16 (full 0):
 garbage-first heap   total 107520K, used 48756K [0x00000000a0000000, 0x0000000100000000)
  region size 1024K, 2 young (2048K), 2 survivors (2048K)
 Metaspace       used 49210K, committed 49792K, reserved 1114112K
  class space    used 6832K, committed 7104K, reserved 1048576K
}
Event: 9.933 GC heap before
{Heap before GC invocations=16 (full 0):
 garbage-first heap   total 107520K, used 83572K [0x00000000a0000000, 0x0000000100000000)
  region size 1024K, 37 young (37888K), 2 survivors (2048K)
 Metaspace       used 49356K, committed 49984K, reserved 1114112K
  class space    used 6832K, committed 7104K, reserved 1048576K
}
Event: 9.937 GC heap after
{Heap after GC invocations=17 (full 0):
 garbage-first heap   total 107520K, used 49655K [0x00000000a0000000, 0x0000000100000000)
  region size 1024K, 3 young (3072K), 3 survivors (3072K)
 Metaspace       used 49356K, committed 49984K, reserved 1114112K
  class space    used 6832K, committed 7104K, reserved 1048576K
}
Event: 10.176 GC heap before
{Heap before GC invocations=17 (full 0):
 garbage-first heap   total 107520K, used 71159K [0x00000000a0000000, 0x0000000100000000)
  region size 1024K, 26 young (26624K), 3 survivors (3072K)
 Metaspace       used 49466K, committed 50048K, reserved 1114112K
  class space    used 6847K, committed 7104K, reserved 1048576K
}
Event: 10.179 GC heap after
{Heap after GC invocations=18 (full 0):
 garbage-first heap   total 107520K, used 50286K [0x00000000a0000000, 0x0000000100000000)
  region size 1024K, 4 young (4096K), 4 survivors (4096K)
 Metaspace       used 49466K, committed 50048K, reserved 1114112K
  class space    used 6847K, committed 7104K, reserved 1048576K
}
Event: 10.193 GC heap before
{Heap before GC invocations=18 (full 0):
 garbage-first heap   total 107520K, used 51310K [0x00000000a0000000, 0x0000000100000000)
  region size 1024K, 5 young (5120K), 4 survivors (4096K)
 Metaspace       used 49466K, committed 50048K, reserved 1114112K
  class space    used 6847K, committed 7104K, reserved 1048576K
}
Event: 10.196 GC heap after
{Heap after GC invocations=19 (full 0):
 garbage-first heap   total 107520K, used 51470K [0x00000000a0000000, 0x0000000100000000)
  region size 1024K, 3 young (3072K), 3 survivors (3072K)
 Metaspace       used 49466K, committed 50048K, reserved 1114112K
  class space    used 6847K, committed 7104K, reserved 1048576K
}
Event: 10.890 GC heap before
{Heap before GC invocations=20 (full 0):
 garbage-first heap   total 107520K, used 90382K [0x00000000a0000000, 0x0000000100000000)
  region size 1024K, 36 young (36864K), 3 survivors (3072K)
 Metaspace       used 51204K, committed 51840K, reserved 1114112K
  class space    used 7092K, committed 7360K, reserved 1048576K
}
Event: 10.896 GC heap after
{Heap after GC invocations=21 (full 0):
 garbage-first heap   total 107520K, used 63212K [0x00000000a0000000, 0x0000000100000000)
  region size 1024K, 5 young (5120K), 5 survivors (5120K)
 Metaspace       used 51204K, committed 51840K, reserved 1114112K
  class space    used 7092K, committed 7360K, reserved 1048576K
}
Event: 10.906 GC heap before
{Heap before GC invocations=21 (full 0):
 garbage-first heap   total 107520K, used 64236K [0x00000000a0000000, 0x0000000100000000)
  region size 1024K, 6 young (6144K), 5 survivors (5120K)
 Metaspace       used 51322K, committed 51968K, reserved 1114112K
  class space    used 7103K, committed 7360K, reserved 1048576K
}
Event: 10.909 GC heap after
{Heap after GC invocations=22 (full 0):
 garbage-first heap   total 107520K, used 63650K [0x00000000a0000000, 0x0000000100000000)
  region size 1024K, 1 young (1024K), 1 survivors (1024K)
 Metaspace       used 51322K, committed 51968K, reserved 1114112K
  class space    used 7103K, committed 7360K, reserved 1048576K
}
Event: 11.293 GC heap before
{Heap before GC invocations=22 (full 0):
 garbage-first heap   total 107520K, used 87202K [0x00000000a0000000, 0x0000000100000000)
  region size 1024K, 25 young (25600K), 1 survivors (1024K)
 Metaspace       used 53678K, committed 54272K, reserved 1114112K
  class space    used 7354K, committed 7616K, reserved 1048576K
}

