# JRE version: OpenJDK Runtime Environment Temurin-17.0.14+7 (17.0.14+7) (build 17.0.14+7)
# Java VM: OpenJDK 64-Bit Server VM Temurin-17.0.14+7 (17.0.14+7, mixed mode, sharing, tiered, compressed oops, compressed class ptrs, g1 gc, windows-amd64)
GC Precious Log:
 CPUs: 12 total, 12 available
 Memory: 7917M
 Large Page Support: Disabled
 NUMA Support: Disabled
 Compressed Oops: Enabled (32-bit)
 Heap Region Size: 1M
 Heap Min Capacity: 8M
 Heap Initial Capacity: 124M
 Heap Max Capacity: 1536M
 Pre-touch: Disabled
 Parallel Workers: 10
 Concurrent Workers: 3
 Concurrent Refinement Workers: 10
 Periodic GC: Disabled
Heap:
 garbage-first heap   total 142336K, used 94147K [0x00000000a0000000, 0x0000000100000000)
  region size 1024K, 17 young (17408K), 2 survivors (2048K)
 Metaspace       used 68232K, committed 68864K, reserved 1114112K
  class space    used 9331K, committed 9600K, reserved 1048576K
GC Heap History (20 events):
Event: 13.740 GC heap before
{Heap before GC invocations=24 (full 0):
 garbage-first heap   total 107520K, used 72546K [0x00000000a0000000, 0x0000000100000000)
  region size 1024K, 17 young (17408K), 3 survivors (3072K)
 Metaspace       used 51263K, committed 51904K, reserved 1114112K
  class space    used 7135K, committed 7424K, reserved 1048576K
}
Event: 13.742 GC heap after
{Heap after GC invocations=25 (full 0):
 garbage-first heap   total 107520K, used 61550K [0x00000000a0000000, 0x0000000100000000)
  region size 1024K, 2 young (2048K), 2 survivors (2048K)
 Metaspace       used 51263K, committed 51904K, reserved 1114112K
  class space    used 7135K, committed 7424K, reserved 1048576K
}
Event: 14.029 GC heap before
{Heap before GC invocations=26 (full 0):
 garbage-first heap   total 109568K, used 79982K [0x00000000a0000000, 0x0000000100000000)
  region size 1024K, 20 young (20480K), 2 survivors (2048K)
 Metaspace       used 52873K, committed 53504K, reserved 1114112K
  class space    used 7339K, committed 7616K, reserved 1048576K
}
Event: 14.031 GC heap after
{Heap after GC invocations=27 (full 0):
 garbage-first heap   total 109568K, used 63169K [0x00000000a0000000, 0x0000000100000000)
  region size 1024K, 3 young (3072K), 3 survivors (3072K)
 Metaspace       used 52873K, committed 53504K, reserved 1114112K
  class space    used 7339K, committed 7616K, reserved 1048576K
}
Event: 14.352 GC heap before
{Heap before GC invocations=27 (full 0):
 garbage-first heap   total 109568K, used 82625K [0x00000000a0000000, 0x0000000100000000)
  region size 1024K, 23 young (23552K), 3 survivors (3072K)
 Metaspace       used 55142K, committed 55744K, reserved 1114112K
  class space    used 7582K, committed 7872K, reserved 1048576K
}
Event: 14.355 GC heap after
{Heap after GC invocations=28 (full 0):
 garbage-first heap   total 109568K, used 63498K [0x00000000a0000000, 0x0000000100000000)
  region size 1024K, 2 young (2048K), 2 survivors (2048K)
 Metaspace       used 55142K, committed 55744K, reserved 1114112K
  class space    used 7582K, committed 7872K, reserved 1048576K
}
Event: 14.671 GC heap before
{Heap before GC invocations=29 (full 0):
 garbage-first heap   total 112640K, used 85002K [0x00000000a0000000, 0x0000000100000000)
  region size 1024K, 23 young (23552K), 2 survivors (2048K)
 Metaspace       used 57413K, committed 58112K, reserved 1114112K
  class space    used 7797K, committed 8128K, reserved 1048576K
}
Event: 14.674 GC heap after
{Heap after GC invocations=30 (full 0):
 garbage-first heap   total 112640K, used 64256K [0x00000000a0000000, 0x0000000100000000)
  region size 1024K, 2 young (2048K), 2 survivors (2048K)
 Metaspace       used 57413K, committed 58112K, reserved 1114112K
  class space    used 7797K, committed 8128K, reserved 1048576K
}
Event: 15.138 GC heap before
{Heap before GC invocations=30 (full 0):
 garbage-first heap   total 112640K, used 87808K [0x00000000a0000000, 0x0000000100000000)
  region size 1024K, 26 young (26624K), 2 survivors (2048K)
 Metaspace       used 59533K, committed 60224K, reserved 1114112K
  class space    used 8151K, committed 8448K, reserved 1048576K
}
Event: 15.141 GC heap after
{Heap after GC invocations=31 (full 0):
 garbage-first heap   total 112640K, used 65840K [0x00000000a0000000, 0x0000000100000000)
  region size 1024K, 4 young (4096K), 4 survivors (4096K)
 Metaspace       used 59533K, committed 60224K, reserved 1114112K
  class space    used 8151K, committed 8448K, reserved 1048576K
}
Event: 15.195 GC heap before
{Heap before GC invocations=32 (full 0):
 garbage-first heap   total 140288K, used 81200K [0x00000000a0000000, 0x0000000100000000)
  region size 1024K, 16 young (16384K), 4 survivors (4096K)
 Metaspace       used 59548K, committed 60224K, reserved 1114112K
  class space    used 8151K, committed 8448K, reserved 1048576K
}
Event: 15.199 GC heap after
{Heap after GC invocations=33 (full 0):
 garbage-first heap   total 140288K, used 68405K [0x00000000a0000000, 0x0000000100000000)
  region size 1024K, 4 young (4096K), 4 survivors (4096K)
 Metaspace       used 59548K, committed 60224K, reserved 1114112K
  class space    used 8151K, committed 8448K, reserved 1048576K
}
Event: 15.691 GC heap before
{Heap before GC invocations=34 (full 0):
 garbage-first heap   total 140288K, used 107317K [0x00000000a0000000, 0x0000000100000000)
  region size 1024K, 41 young (41984K), 4 survivors (4096K)
 Metaspace       used 62318K, committed 62976K, reserved 1114112K
  class space    used 8530K, committed 8832K, reserved 1048576K
}
Event: 15.695 GC heap after
{Heap after GC invocations=35 (full 0):
 garbage-first heap   total 140288K, used 71991K [0x00000000a0000000, 0x0000000100000000)
  region size 1024K, 6 young (6144K), 6 survivors (6144K)
 Metaspace       used 62318K, committed 62976K, reserved 1114112K
  class space    used 8530K, committed 8832K, reserved 1048576K
}
Event: 16.041 GC heap before
{Heap before GC invocations=35 (full 0):
 garbage-first heap   total 140288K, used 107831K [0x00000000a0000000, 0x0000000100000000)
  region size 1024K, 42 young (43008K), 6 survivors (6144K)
 Metaspace       used 63787K, committed 64448K, reserved 1114112K
  class space    used 8727K, committed 9024K, reserved 1048576K
}
Event: 16.045 GC heap after
{Heap after GC invocations=36 (full 0):
 garbage-first heap   total 140288K, used 74010K [0x00000000a0000000, 0x0000000100000000)
  region size 1024K, 5 young (5120K), 5 survivors (5120K)
 Metaspace       used 63787K, committed 64448K, reserved 1114112K
  class space    used 8727K, committed 9024K, reserved 1048576K
}
Event: 16.446 GC heap before
{Heap before GC invocations=37 (full 0):
 garbage-first heap   total 140288K, used 110874K [0x00000000a0000000, 0x0000000100000000)
  region size 1024K, 41 young (41984K), 5 survivors (5120K)
 Metaspace       used 64412K, committed 65088K, reserved 1114112K
  class space    used 8804K, committed 9088K, reserved 1048576K
}
Event: 16.452 GC heap after
{Heap after GC invocations=38 (full 0):
 garbage-first heap   total 140288K, used 77251K [0x00000000a0000000, 0x0000000100000000)
  region size 1024K, 6 young (6144K), 6 survivors (6144K)
 Metaspace       used 64412K, committed 65088K, reserved 1114112K
  class space    used 8804K, committed 9088K, reserved 1048576K
}
Event: 16.939 GC heap before
{Heap before GC invocations=38 (full 0):
 garbage-first heap   total 140288K, used 112067K [0x00000000a0000000, 0x0000000100000000)
  region size 1024K, 40 young (40960K), 6 survivors (6144K)
 Metaspace       used 67190K, committed 67776K, reserved 1114112K
  class space    used 9186K, committed 9472K, reserved 1048576K
}
Event: 16.943 GC heap after
{Heap after GC invocations=39 (full 0):
 garbage-first heap   total 140288K, used 78787K [0x00000000a0000000, 0x0000000100000000)
  region size 1024K, 2 young (2048K), 2 survivors (2048K)
 Metaspace       used 67190K, committed 67776K, reserved 1114112K
  class space    used 9186K, committed 9472K, reserved 1048576K
}

