# JRE version: OpenJDK Runtime Environment Temurin-17.0.14+7 (17.0.14+7) (build 17.0.14+7)
# Java VM: OpenJDK 64-Bit Server VM Temurin-17.0.14+7 (17.0.14+7, mixed mode, sharing, tiered, compressed oops, compressed class ptrs, g1 gc, windows-amd64)
GC Precious Log:
 CPUs: 12 total, 12 available
 Memory: 7917M
 Large Page Support: Disabled
 NUMA Support: Disabled
 Compressed Oops: Enabled (32-bit)
 Heap Region Size: 1M
 Heap Min Capacity: 8M
 Heap Initial Capacity: 124M
 Heap Max Capacity: 1536M
 Pre-touch: Disabled
 Parallel Workers: 10
 Concurrent Workers: 3
 Concurrent Refinement Workers: 10
 Periodic GC: Disabled
Heap:
 garbage-first heap   total 187392K, used 119699K [0x00000000a0000000, 0x0000000100000000)
  region size 1024K, 32 young (32768K), 5 survivors (5120K)
 Metaspace       used 74603K, committed 75392K, reserved 1114112K
  class space    used 10356K, committed 10688K, reserved 1048576K
GC Heap History (20 events):
Event: 17.080 GC heap before
{Heap before GC invocations=37 (full 0):
 garbage-first heap   total 140288K, used 108079K [0x00000000a0000000, 0x0000000100000000)
  region size 1024K, 37 young (37888K), 2 survivors (2048K)
 Metaspace       used 63838K, committed 64512K, reserved 1114112K
  class space    used 8722K, committed 9024K, reserved 1048576K
}
Event: 17.083 GC heap after
{Heap after GC invocations=38 (full 0):
 garbage-first heap   total 140288K, used 74866K [0x00000000a0000000, 0x0000000100000000)
  region size 1024K, 5 young (5120K), 5 survivors (5120K)
 Metaspace       used 63838K, committed 64512K, reserved 1114112K
  class space    used 8722K, committed 9024K, reserved 1048576K
}
Event: 17.737 GC heap before
{Heap before GC invocations=38 (full 0):
 garbage-first heap   total 140288K, used 109682K [0x00000000a0000000, 0x0000000100000000)
  region size 1024K, 39 young (39936K), 5 survivors (5120K)
 Metaspace       used 65160K, committed 65856K, reserved 1114112K
  class space    used 8887K, committed 9152K, reserved 1048576K
}
Event: 17.743 GC heap after
{Heap after GC invocations=39 (full 0):
 garbage-first heap   total 140288K, used 77626K [0x00000000a0000000, 0x0000000100000000)
  region size 1024K, 3 young (3072K), 3 survivors (3072K)
 Metaspace       used 65160K, committed 65856K, reserved 1114112K
  class space    used 8887K, committed 9152K, reserved 1048576K
}
Event: 18.419 GC heap before
{Heap before GC invocations=40 (full 0):
 garbage-first heap   total 140288K, used 106298K [0x00000000a0000000, 0x0000000100000000)
  region size 1024K, 32 young (32768K), 3 survivors (3072K)
 Metaspace       used 67342K, committed 67968K, reserved 1114112K
  class space    used 9196K, committed 9472K, reserved 1048576K
}
Event: 18.423 GC heap after
{Heap after GC invocations=41 (full 0):
 garbage-first heap   total 140288K, used 78523K [0x00000000a0000000, 0x0000000100000000)
  region size 1024K, 4 young (4096K), 4 survivors (4096K)
 Metaspace       used 67342K, committed 67968K, reserved 1114112K
  class space    used 9196K, committed 9472K, reserved 1048576K
}
Event: 19.277 GC heap before
{Heap before GC invocations=42 (full 0):
 garbage-first heap   total 140288K, used 114363K [0x00000000a0000000, 0x0000000100000000)
  region size 1024K, 38 young (38912K), 4 survivors (4096K)
 Metaspace       used 70114K, committed 70848K, reserved 1114112K
  class space    used 9692K, committed 9984K, reserved 1048576K
}
Event: 19.280 GC heap after
{Heap after GC invocations=43 (full 0):
 garbage-first heap   total 140288K, used 79287K [0x00000000a0000000, 0x0000000100000000)
  region size 1024K, 3 young (3072K), 3 survivors (3072K)
 Metaspace       used 70114K, committed 70848K, reserved 1114112K
  class space    used 9692K, committed 9984K, reserved 1048576K
}
Event: 20.185 GC heap before
{Heap before GC invocations=43 (full 0):
 garbage-first heap   total 140288K, used 114103K [0x00000000a0000000, 0x0000000100000000)
  region size 1024K, 37 young (37888K), 3 survivors (3072K)
 Metaspace       used 72878K, committed 73600K, reserved 1114112K
  class space    used 10105K, committed 10432K, reserved 1048576K
}
Event: 20.190 GC heap after
{Heap after GC invocations=44 (full 0):
 garbage-first heap   total 140288K, used 80776K [0x00000000a0000000, 0x0000000100000000)
  region size 1024K, 4 young (4096K), 4 survivors (4096K)
 Metaspace       used 72878K, committed 73600K, reserved 1114112K
  class space    used 10105K, committed 10432K, reserved 1048576K
}
Event: 21.255 GC heap before
{Heap before GC invocations=45 (full 0):
 garbage-first heap   total 140288K, used 114568K [0x00000000a0000000, 0x0000000100000000)
  region size 1024K, 38 young (38912K), 4 survivors (4096K)
 Metaspace       used 73593K, committed 74304K, reserved 1114112K
  class space    used 10220K, committed 10560K, reserved 1048576K
}
Event: 21.261 GC heap after
{Heap after GC invocations=46 (full 0):
 garbage-first heap   total 140288K, used 83239K [0x00000000a0000000, 0x0000000100000000)
  region size 1024K, 5 young (5120K), 5 survivors (5120K)
 Metaspace       used 73593K, committed 74304K, reserved 1114112K
  class space    used 10220K, committed 10560K, reserved 1048576K
}
Event: 21.495 GC heap before
{Heap before GC invocations=46 (full 0):
 garbage-first heap   total 140288K, used 116007K [0x00000000a0000000, 0x0000000100000000)
  region size 1024K, 38 young (38912K), 5 survivors (5120K)
 Metaspace       used 73605K, committed 74368K, reserved 1114112K
  class space    used 10220K, committed 10560K, reserved 1048576K
}
Event: 21.501 GC heap after
{Heap after GC invocations=47 (full 0):
 garbage-first heap   total 140288K, used 84435K [0x00000000a0000000, 0x0000000100000000)
  region size 1024K, 4 young (4096K), 4 survivors (4096K)
 Metaspace       used 73605K, committed 74368K, reserved 1114112K
  class space    used 10220K, committed 10560K, reserved 1048576K
}
Event: 21.861 GC heap before
{Heap before GC invocations=48 (full 0):
 garbage-first heap   total 148480K, used 116179K [0x00000000a0000000, 0x0000000100000000)
  region size 1024K, 36 young (36864K), 4 survivors (4096K)
 Metaspace       used 73606K, committed 74368K, reserved 1114112K
  class space    used 10220K, committed 10560K, reserved 1048576K
}
Event: 21.866 GC heap after
{Heap after GC invocations=49 (full 0):
 garbage-first heap   total 148480K, used 85014K [0x00000000a0000000, 0x0000000100000000)
  region size 1024K, 2 young (2048K), 2 survivors (2048K)
 Metaspace       used 73606K, committed 74368K, reserved 1114112K
  class space    used 10220K, committed 10560K, reserved 1048576K
}
Event: 21.980 GC heap before
{Heap before GC invocations=49 (full 0):
 garbage-first heap   total 148480K, used 92182K [0x00000000a0000000, 0x0000000100000000)
  region size 1024K, 11 young (11264K), 2 survivors (2048K)
 Metaspace       used 73646K, committed 74368K, reserved 1114112K
  class space    used 10223K, committed 10560K, reserved 1048576K
}
Event: 21.983 GC heap after
{Heap after GC invocations=50 (full 0):
 garbage-first heap   total 148480K, used 85409K [0x00000000a0000000, 0x0000000100000000)
  region size 1024K, 3 young (3072K), 3 survivors (3072K)
 Metaspace       used 73646K, committed 74368K, reserved 1114112K
  class space    used 10223K, committed 10560K, reserved 1048576K
}
Event: 22.197 GC heap before
{Heap before GC invocations=51 (full 0):
 garbage-first heap   total 155648K, used 90529K [0x00000000a0000000, 0x0000000100000000)
  region size 1024K, 7 young (7168K), 3 survivors (3072K)
 Metaspace       used 73646K, committed 74368K, reserved 1114112K
  class space    used 10223K, committed 10560K, reserved 1048576K
}
Event: 22.202 GC heap after
{Heap after GC invocations=52 (full 0):
 garbage-first heap   total 187392K, used 91027K [0x00000000a0000000, 0x0000000100000000)
  region size 1024K, 5 young (5120K), 5 survivors (5120K)
 Metaspace       used 73646K, committed 74368K, reserved 1114112K
  class space    used 10223K, committed 10560K, reserved 1048576K
}

