# JRE version: OpenJDK Runtime Environment Temurin-21.0.6+7 (21.0.6+7) (build 21.0.6+7-LTS)
# Java VM: OpenJDK 64-Bit Server VM Temurin-21.0.6+7 (21.0.6+7-LTS, mixed mode, sharing, tiered, compressed oops, compressed class ptrs, parallel gc, windows-amd64)
GC Precious Log:
 CardTable entry size: 512
 CPUs: 12 total, 12 available
 Memory: 7917M
 Large Page Support: Disabled
 NUMA Support: Disabled
 Compressed Oops: Enabled (32-bit)
 Alignments: Space 512K, Generation 512K, Heap 2M
 Heap Min Capacity: 100M
 Heap Initial Capacity: 100M
 Heap Max Capacity: 1G
 Pre-touch: Disabled
 Parallel Workers: 10
Heap:
 PSYoungGen      total 20992K, used 2553K [0x00000000eab00000, 0x00000000ec080000, 0x0000000100000000)
  eden space 20480K, 10% used [0x00000000eab00000,0x00000000ead06500,0x00000000ebf00000)
  from space 512K, 93% used [0x00000000ec000000,0x00000000ec078000,0x00000000ec080000)
  to   space 512K, 0% used [0x00000000ebf80000,0x00000000ebf80000,0x00000000ec000000)
 ParOldGen       total 68608K, used 67920K [0x00000000c0000000, 0x00000000c4300000, 0x00000000eab00000)
  object space 68608K, 98% used [0x00000000c0000000,0x00000000c4254350,0x00000000c4300000)
 Metaspace       used 70361K, committed 71936K, reserved 1114112K
  class space    used 8560K, committed 9280K, reserved 1048576K
GC Heap History (20 events):
Event: 3022.464 GC heap before
{Heap before GC invocations=704 (full 3):
 PSYoungGen      total 21504K, used 20992K [0x00000000eab00000, 0x00000000ec100000, 0x0000000100000000)
  eden space 20480K, 100% used [0x00000000eab00000,0x00000000ebf00000,0x00000000ebf00000)
  from space 1024K, 50% used [0x00000000ec000000,0x00000000ec080000,0x00000000ec100000)
  to   space 1024K, 0% used [0x00000000ebf00000,0x00000000ebf00000,0x00000000ec000000)
 ParOldGen       total 68608K, used 67592K [0x00000000c0000000, 0x00000000c4300000, 0x00000000eab00000)
  object space 68608K, 98% used [0x00000000c0000000,0x00000000c4202350,0x00000000c4300000)
 Metaspace       used 70361K, committed 71936K, reserved 1114112K
  class space    used 8560K, committed 9280K, reserved 1048576K
}
Event: 3022.465 GC heap after
{Heap after GC invocations=704 (full 3):
 PSYoungGen      total 21504K, used 320K [0x00000000eab00000, 0x00000000ec080000, 0x0000000100000000)
  eden space 20480K, 0% used [0x00000000eab00000,0x00000000eab00000,0x00000000ebf00000)
  from space 1024K, 31% used [0x00000000ebf00000,0x00000000ebf50000,0x00000000ec000000)
  to   space 512K, 0% used [0x00000000ec000000,0x00000000ec000000,0x00000000ec080000)
 ParOldGen       total 68608K, used 67640K [0x00000000c0000000, 0x00000000c4300000, 0x00000000eab00000)
  object space 68608K, 98% used [0x00000000c0000000,0x00000000c420e350,0x00000000c4300000)
 Metaspace       used 70361K, committed 71936K, reserved 1114112K
  class space    used 8560K, committed 9280K, reserved 1048576K
}
Event: 3022.952 GC heap before
{Heap before GC invocations=705 (full 3):
 PSYoungGen      total 21504K, used 20800K [0x00000000eab00000, 0x00000000ec080000, 0x0000000100000000)
  eden space 20480K, 100% used [0x00000000eab00000,0x00000000ebf00000,0x00000000ebf00000)
  from space 1024K, 31% used [0x00000000ebf00000,0x00000000ebf50000,0x00000000ec000000)
  to   space 512K, 0% used [0x00000000ec000000,0x00000000ec000000,0x00000000ec080000)
 ParOldGen       total 68608K, used 67640K [0x00000000c0000000, 0x00000000c4300000, 0x00000000eab00000)
  object space 68608K, 98% used [0x00000000c0000000,0x00000000c420e350,0x00000000c4300000)
 Metaspace       used 70361K, committed 71936K, reserved 1114112K
  class space    used 8560K, committed 9280K, reserved 1048576K
}
Event: 3022.953 GC heap after
{Heap after GC invocations=705 (full 3):
 PSYoungGen      total 20992K, used 288K [0x00000000eab00000, 0x00000000ec080000, 0x0000000100000000)
  eden space 20480K, 0% used [0x00000000eab00000,0x00000000eab00000,0x00000000ebf00000)
  from space 512K, 56% used [0x00000000ec000000,0x00000000ec048000,0x00000000ec080000)
  to   space 512K, 0% used [0x00000000ebf80000,0x00000000ebf80000,0x00000000ec000000)
 ParOldGen       total 68608K, used 67664K [0x00000000c0000000, 0x00000000c4300000, 0x00000000eab00000)
  object space 68608K, 98% used [0x00000000c0000000,0x00000000c4214350,0x00000000c4300000)
 Metaspace       used 70361K, committed 71936K, reserved 1114112K
  class space    used 8560K, committed 9280K, reserved 1048576K
}
Event: 3023.400 GC heap before
{Heap before GC invocations=706 (full 3):
 PSYoungGen      total 20992K, used 20768K [0x00000000eab00000, 0x00000000ec080000, 0x0000000100000000)
  eden space 20480K, 100% used [0x00000000eab00000,0x00000000ebf00000,0x00000000ebf00000)
  from space 512K, 56% used [0x00000000ec000000,0x00000000ec048000,0x00000000ec080000)
  to   space 512K, 0% used [0x00000000ebf80000,0x00000000ebf80000,0x00000000ec000000)
 ParOldGen       total 68608K, used 67664K [0x00000000c0000000, 0x00000000c4300000, 0x00000000eab00000)
  object space 68608K, 98% used [0x00000000c0000000,0x00000000c4214350,0x00000000c4300000)
 Metaspace       used 70361K, committed 71936K, reserved 1114112K
  class space    used 8560K, committed 9280K, reserved 1048576K
}
Event: 3023.400 GC heap after
{Heap after GC invocations=706 (full 3):
 PSYoungGen      total 20992K, used 320K [0x00000000eab00000, 0x00000000ec080000, 0x0000000100000000)
  eden space 20480K, 0% used [0x00000000eab00000,0x00000000eab00000,0x00000000ebf00000)
  from space 512K, 62% used [0x00000000ebf80000,0x00000000ebfd0000,0x00000000ec000000)
  to   space 512K, 0% used [0x00000000ec000000,0x00000000ec000000,0x00000000ec080000)
 ParOldGen       total 68608K, used 67712K [0x00000000c0000000, 0x00000000c4300000, 0x00000000eab00000)
  object space 68608K, 98% used [0x00000000c0000000,0x00000000c4220350,0x00000000c4300000)
 Metaspace       used 70361K, committed 71936K, reserved 1114112K
  class space    used 8560K, committed 9280K, reserved 1048576K
}
Event: 3023.856 GC heap before
{Heap before GC invocations=707 (full 3):
 PSYoungGen      total 20992K, used 20800K [0x00000000eab00000, 0x00000000ec080000, 0x0000000100000000)
  eden space 20480K, 100% used [0x00000000eab00000,0x00000000ebf00000,0x00000000ebf00000)
  from space 512K, 62% used [0x00000000ebf80000,0x00000000ebfd0000,0x00000000ec000000)
  to   space 512K, 0% used [0x00000000ec000000,0x00000000ec000000,0x00000000ec080000)
 ParOldGen       total 68608K, used 67712K [0x00000000c0000000, 0x00000000c4300000, 0x00000000eab00000)
  object space 68608K, 98% used [0x00000000c0000000,0x00000000c4220350,0x00000000c4300000)
 Metaspace       used 70361K, committed 71936K, reserved 1114112K
  class space    used 8560K, committed 9280K, reserved 1048576K
}
Event: 3023.857 GC heap after
{Heap after GC invocations=707 (full 3):
 PSYoungGen      total 20992K, used 448K [0x00000000eab00000, 0x00000000ec080000, 0x0000000100000000)
  eden space 20480K, 0% used [0x00000000eab00000,0x00000000eab00000,0x00000000ebf00000)
  from space 512K, 87% used [0x00000000ec000000,0x00000000ec070000,0x00000000ec080000)
  to   space 512K, 0% used [0x00000000ebf80000,0x00000000ebf80000,0x00000000ec000000)
 ParOldGen       total 68608K, used 67736K [0x00000000c0000000, 0x00000000c4300000, 0x00000000eab00000)
  object space 68608K, 98% used [0x00000000c0000000,0x00000000c4226350,0x00000000c4300000)
 Metaspace       used 70361K, committed 71936K, reserved 1114112K
  class space    used 8560K, committed 9280K, reserved 1048576K
}
Event: 3024.343 GC heap before
{Heap before GC invocations=708 (full 3):
 PSYoungGen      total 20992K, used 20928K [0x00000000eab00000, 0x00000000ec080000, 0x0000000100000000)
  eden space 20480K, 100% used [0x00000000eab00000,0x00000000ebf00000,0x00000000ebf00000)
  from space 512K, 87% used [0x00000000ec000000,0x00000000ec070000,0x00000000ec080000)
  to   space 512K, 0% used [0x00000000ebf80000,0x00000000ebf80000,0x00000000ec000000)
 ParOldGen       total 68608K, used 67736K [0x00000000c0000000, 0x00000000c4300000, 0x00000000eab00000)
  object space 68608K, 98% used [0x00000000c0000000,0x00000000c4226350,0x00000000c4300000)
 Metaspace       used 70361K, committed 71936K, reserved 1114112K
  class space    used 8560K, committed 9280K, reserved 1048576K
}
Event: 3024.344 GC heap after
{Heap after GC invocations=708 (full 3):
 PSYoungGen      total 20992K, used 480K [0x00000000eab00000, 0x00000000ec080000, 0x0000000100000000)
  eden space 20480K, 0% used [0x00000000eab00000,0x00000000eab00000,0x00000000ebf00000)
  from space 512K, 93% used [0x00000000ebf80000,0x00000000ebff8000,0x00000000ec000000)
  to   space 512K, 0% used [0x00000000ec000000,0x00000000ec000000,0x00000000ec080000)
 ParOldGen       total 68608K, used 67760K [0x00000000c0000000, 0x00000000c4300000, 0x00000000eab00000)
  object space 68608K, 98% used [0x00000000c0000000,0x00000000c422c350,0x00000000c4300000)
 Metaspace       used 70361K, committed 71936K, reserved 1114112K
  class space    used 8560K, committed 9280K, reserved 1048576K
}
Event: 3024.990 GC heap before
{Heap before GC invocations=709 (full 3):
 PSYoungGen      total 20992K, used 20960K [0x00000000eab00000, 0x00000000ec080000, 0x0000000100000000)
  eden space 20480K, 100% used [0x00000000eab00000,0x00000000ebf00000,0x00000000ebf00000)
  from space 512K, 93% used [0x00000000ebf80000,0x00000000ebff8000,0x00000000ec000000)
  to   space 512K, 0% used [0x00000000ec000000,0x00000000ec000000,0x00000000ec080000)
 ParOldGen       total 68608K, used 67760K [0x00000000c0000000, 0x00000000c4300000, 0x00000000eab00000)
  object space 68608K, 98% used [0x00000000c0000000,0x00000000c422c350,0x00000000c4300000)
 Metaspace       used 70361K, committed 71936K, reserved 1114112K
  class space    used 8560K, committed 9280K, reserved 1048576K
}
Event: 3024.991 GC heap after
{Heap after GC invocations=709 (full 3):
 PSYoungGen      total 20992K, used 512K [0x00000000eab00000, 0x00000000ec100000, 0x0000000100000000)
  eden space 20480K, 0% used [0x00000000eab00000,0x00000000eab00000,0x00000000ebf00000)
  from space 512K, 100% used [0x00000000ec000000,0x00000000ec080000,0x00000000ec080000)
  to   space 1024K, 0% used [0x00000000ebf00000,0x00000000ebf00000,0x00000000ec000000)
 ParOldGen       total 68608K, used 67784K [0x00000000c0000000, 0x00000000c4300000, 0x00000000eab00000)
  object space 68608K, 98% used [0x00000000c0000000,0x00000000c4232350,0x00000000c4300000)
 Metaspace       used 70361K, committed 71936K, reserved 1114112K
  class space    used 8560K, committed 9280K, reserved 1048576K
}
Event: 3025.494 GC heap before
{Heap before GC invocations=710 (full 3):
 PSYoungGen      total 20992K, used 20992K [0x00000000eab00000, 0x00000000ec100000, 0x0000000100000000)
  eden space 20480K, 100% used [0x00000000eab00000,0x00000000ebf00000,0x00000000ebf00000)
  from space 512K, 100% used [0x00000000ec000000,0x00000000ec080000,0x00000000ec080000)
  to   space 1024K, 0% used [0x00000000ebf00000,0x00000000ebf00000,0x00000000ec000000)
 ParOldGen       total 68608K, used 67784K [0x00000000c0000000, 0x00000000c4300000, 0x00000000eab00000)
  object space 68608K, 98% used [0x00000000c0000000,0x00000000c4232350,0x00000000c4300000)
 Metaspace       used 70361K, committed 71936K, reserved 1114112K
  class space    used 8560K, committed 9280K, reserved 1048576K
}
Event: 3025.495 GC heap after
{Heap after GC invocations=710 (full 3):
 PSYoungGen      total 21504K, used 128K [0x00000000eab00000, 0x00000000ec080000, 0x0000000100000000)
  eden space 20480K, 0% used [0x00000000eab00000,0x00000000eab00000,0x00000000ebf00000)
  from space 1024K, 12% used [0x00000000ebf00000,0x00000000ebf20000,0x00000000ec000000)
  to   space 512K, 0% used [0x00000000ec000000,0x00000000ec000000,0x00000000ec080000)
 ParOldGen       total 68608K, used 67824K [0x00000000c0000000, 0x00000000c4300000, 0x00000000eab00000)
  object space 68608K, 98% used [0x00000000c0000000,0x00000000c423c350,0x00000000c4300000)
 Metaspace       used 70361K, committed 71936K, reserved 1114112K
  class space    used 8560K, committed 9280K, reserved 1048576K
}
Event: 3025.988 GC heap before
{Heap before GC invocations=711 (full 3):
 PSYoungGen      total 21504K, used 20608K [0x00000000eab00000, 0x00000000ec080000, 0x0000000100000000)
  eden space 20480K, 100% used [0x00000000eab00000,0x00000000ebf00000,0x00000000ebf00000)
  from space 1024K, 12% used [0x00000000ebf00000,0x00000000ebf20000,0x00000000ec000000)
  to   space 512K, 0% used [0x00000000ec000000,0x00000000ec000000,0x00000000ec080000)
 ParOldGen       total 68608K, used 67824K [0x00000000c0000000, 0x00000000c4300000, 0x00000000eab00000)
  object space 68608K, 98% used [0x00000000c0000000,0x00000000c423c350,0x00000000c4300000)
 Metaspace       used 70361K, committed 71936K, reserved 1114112K
  class space    used 8560K, committed 9280K, reserved 1048576K
}
Event: 3025.989 GC heap after
{Heap after GC invocations=711 (full 3):
 PSYoungGen      total 20992K, used 224K [0x00000000eab00000, 0x00000000ec080000, 0x0000000100000000)
  eden space 20480K, 0% used [0x00000000eab00000,0x00000000eab00000,0x00000000ebf00000)
  from space 512K, 43% used [0x00000000ec000000,0x00000000ec038000,0x00000000ec080000)
  to   space 512K, 0% used [0x00000000ebf80000,0x00000000ebf80000,0x00000000ec000000)
 ParOldGen       total 68608K, used 67848K [0x00000000c0000000, 0x00000000c4300000, 0x00000000eab00000)
  object space 68608K, 98% used [0x00000000c0000000,0x00000000c4242350,0x00000000c4300000)
 Metaspace       used 70361K, committed 71936K, reserved 1114112K
  class space    used 8560K, committed 9280K, reserved 1048576K
}
Event: 3026.433 GC heap before
{Heap before GC invocations=712 (full 3):
 PSYoungGen      total 20992K, used 20704K [0x00000000eab00000, 0x00000000ec080000, 0x0000000100000000)
  eden space 20480K, 100% used [0x00000000eab00000,0x00000000ebf00000,0x00000000ebf00000)
  from space 512K, 43% used [0x00000000ec000000,0x00000000ec038000,0x00000000ec080000)
  to   space 512K, 0% used [0x00000000ebf80000,0x00000000ebf80000,0x00000000ec000000)
 ParOldGen       total 68608K, used 67848K [0x00000000c0000000, 0x00000000c4300000, 0x00000000eab00000)
  object space 68608K, 98% used [0x00000000c0000000,0x00000000c4242350,0x00000000c4300000)
 Metaspace       used 70361K, committed 71936K, reserved 1114112K
  class space    used 8560K, committed 9280K, reserved 1048576K
}
Event: 3026.434 GC heap after
{Heap after GC invocations=712 (full 3):
 PSYoungGen      total 20992K, used 448K [0x00000000eab00000, 0x00000000ec080000, 0x0000000100000000)
  eden space 20480K, 0% used [0x00000000eab00000,0x00000000eab00000,0x00000000ebf00000)
  from space 512K, 87% used [0x00000000ebf80000,0x00000000ebff0000,0x00000000ec000000)
  to   space 512K, 0% used [0x00000000ec000000,0x00000000ec000000,0x00000000ec080000)
 ParOldGen       total 68608K, used 67904K [0x00000000c0000000, 0x00000000c4300000, 0x00000000eab00000)
  object space 68608K, 98% used [0x00000000c0000000,0x00000000c4250350,0x00000000c4300000)
 Metaspace       used 70361K, committed 71936K, reserved 1114112K
  class space    used 8560K, committed 9280K, reserved 1048576K
}
Event: 3026.878 GC heap before
{Heap before GC invocations=713 (full 3):
 PSYoungGen      total 20992K, used 20928K [0x00000000eab00000, 0x00000000ec080000, 0x0000000100000000)
  eden space 20480K, 100% used [0x00000000eab00000,0x00000000ebf00000,0x00000000ebf00000)
  from space 512K, 87% used [0x00000000ebf80000,0x00000000ebff0000,0x00000000ec000000)
  to   space 512K, 0% used [0x00000000ec000000,0x00000000ec000000,0x00000000ec080000)
 ParOldGen       total 68608K, used 67904K [0x00000000c0000000, 0x00000000c4300000, 0x00000000eab00000)
  object space 68608K, 98% used [0x00000000c0000000,0x00000000c4250350,0x00000000c4300000)
 Metaspace       used 70361K, committed 71936K, reserved 1114112K
  class space    used 8560K, committed 9280K, reserved 1048576K
}
Event: 3026.879 GC heap after
{Heap after GC invocations=713 (full 3):
 PSYoungGen      total 20992K, used 480K [0x00000000eab00000, 0x00000000ec080000, 0x0000000100000000)
  eden space 20480K, 0% used [0x00000000eab00000,0x00000000eab00000,0x00000000ebf00000)
  from space 512K, 93% used [0x00000000ec000000,0x00000000ec078000,0x00000000ec080000)
  to   space 512K, 0% used [0x00000000ebf80000,0x00000000ebf80000,0x00000000ec000000)
 ParOldGen       total 68608K, used 67920K [0x00000000c0000000, 0x00000000c4300000, 0x00000000eab00000)
  object space 68608K, 98% used [0x00000000c0000000,0x00000000c4254350,0x00000000c4300000)
 Metaspace       used 70361K, committed 71936K, reserved 1114112K
  class space    used 8560K, committed 9280K, reserved 1048576K
}

