# JRE version: OpenJDK Runtime Environment Temurin-17.0.14+7 (17.0.14+7) (build 17.0.14+7)
# Java VM: OpenJDK 64-Bit Server VM Temurin-17.0.14+7 (17.0.14+7, mixed mode, sharing, tiered, compressed oops, compressed class ptrs, g1 gc, windows-amd64)
GC Precious Log:
 CPUs: 12 total, 12 available
 Memory: 7917M
 Large Page Support: Disabled
 NUMA Support: Disabled
 Compressed Oops: Enabled (32-bit)
 Heap Region Size: 1M
 Heap Min Capacity: 8M
 Heap Initial Capacity: 124M
 Heap Max Capacity: 1536M
 Pre-touch: Disabled
 Parallel Workers: 10
 Concurrent Workers: 3
 Concurrent Refinement Workers: 10
 Periodic GC: Disabled
Heap:
 garbage-first heap   total 107520K, used 73025K [0x00000000a0000000, 0x0000000100000000)
  region size 1024K, 13 young (13312K), 1 survivors (1024K)
 Metaspace       used 58110K, committed 58688K, reserved 1114112K
  class space    used 7906K, committed 8192K, reserved 1048576K
GC Heap History (20 events):
Event: 12.055 GC heap before
{Heap before GC invocations=17 (full 0):
 garbage-first heap   total 89088K, used 71898K [0x00000000a0000000, 0x0000000100000000)
  region size 1024K, 29 young (29696K), 2 survivors (2048K)
 Metaspace       used 46967K, committed 47424K, reserved 1114112K
  class space    used 6541K, committed 6720K, reserved 1048576K
}
Event: 12.059 GC heap after
{Heap after GC invocations=18 (full 0):
 garbage-first heap   total 89088K, used 45944K [0x00000000a0000000, 0x0000000100000000)
  region size 1024K, 3 young (3072K), 3 survivors (3072K)
 Metaspace       used 46967K, committed 47424K, reserved 1114112K
  class space    used 6541K, committed 6720K, reserved 1048576K
}
Event: 12.378 GC heap before
{Heap before GC invocations=18 (full 0):
 garbage-first heap   total 89088K, used 61304K [0x00000000a0000000, 0x0000000100000000)
  region size 1024K, 20 young (20480K), 3 survivors (3072K)
 Metaspace       used 47046K, committed 47552K, reserved 1114112K
  class space    used 6556K, committed 6784K, reserved 1048576K
}
Event: 12.381 GC heap after
{Heap after GC invocations=19 (full 0):
 garbage-first heap   total 89088K, used 46752K [0x00000000a0000000, 0x0000000100000000)
  region size 1024K, 3 young (3072K), 3 survivors (3072K)
 Metaspace       used 47046K, committed 47552K, reserved 1114112K
  class space    used 6556K, committed 6784K, reserved 1048576K
}
Event: 13.601 GC heap before
{Heap before GC invocations=20 (full 0):
 garbage-first heap   total 89088K, used 78496K [0x00000000a0000000, 0x0000000100000000)
  region size 1024K, 29 young (29696K), 3 survivors (3072K)
 Metaspace       used 48303K, committed 48832K, reserved 1114112K
  class space    used 6743K, committed 6976K, reserved 1048576K
}
Event: 13.605 GC heap after
{Heap after GC invocations=21 (full 0):
 garbage-first heap   total 90112K, used 58163K [0x00000000a0000000, 0x0000000100000000)
  region size 1024K, 4 young (4096K), 4 survivors (4096K)
 Metaspace       used 48303K, committed 48832K, reserved 1114112K
  class space    used 6743K, committed 6976K, reserved 1048576K
}
Event: 13.633 GC heap before
{Heap before GC invocations=21 (full 0):
 garbage-first heap   total 90112K, used 58163K [0x00000000a0000000, 0x0000000100000000)
  region size 1024K, 5 young (5120K), 4 survivors (4096K)
 Metaspace       used 48409K, committed 48896K, reserved 1114112K
  class space    used 6757K, committed 6976K, reserved 1048576K
}
Event: 13.635 GC heap after
{Heap after GC invocations=22 (full 0):
 garbage-first heap   total 90112K, used 58902K [0x00000000a0000000, 0x0000000100000000)
  region size 1024K, 1 young (1024K), 1 survivors (1024K)
 Metaspace       used 48409K, committed 48896K, reserved 1114112K
  class space    used 6757K, committed 6976K, reserved 1048576K
}
Event: 13.740 GC heap before
{Heap before GC invocations=22 (full 0):
 garbage-first heap   total 90112K, used 62998K [0x00000000a0000000, 0x0000000100000000)
  region size 1024K, 7 young (7168K), 1 survivors (1024K)
 Metaspace       used 48786K, committed 49344K, reserved 1114112K
  class space    used 6790K, committed 7040K, reserved 1048576K
}
Event: 13.741 GC heap after
{Heap after GC invocations=23 (full 0):
 garbage-first heap   total 90112K, used 59178K [0x00000000a0000000, 0x0000000100000000)
  region size 1024K, 1 young (1024K), 1 survivors (1024K)
 Metaspace       used 48786K, committed 49344K, reserved 1114112K
  class space    used 6790K, committed 7040K, reserved 1048576K
}
Event: 14.149 GC heap before
{Heap before GC invocations=24 (full 0):
 garbage-first heap   total 104448K, used 76586K [0x00000000a0000000, 0x0000000100000000)
  region size 1024K, 17 young (17408K), 1 survivors (1024K)
 Metaspace       used 50157K, committed 50752K, reserved 1114112K
  class space    used 6975K, committed 7232K, reserved 1048576K
}
Event: 14.151 GC heap after
{Heap after GC invocations=25 (full 0):
 garbage-first heap   total 104448K, used 60723K [0x00000000a0000000, 0x0000000100000000)
  region size 1024K, 2 young (2048K), 2 survivors (2048K)
 Metaspace       used 50157K, committed 50752K, reserved 1114112K
  class space    used 6975K, committed 7232K, reserved 1048576K
}
Event: 14.262 GC heap before
{Heap before GC invocations=25 (full 0):
 garbage-first heap   total 104448K, used 62771K [0x00000000a0000000, 0x0000000100000000)
  region size 1024K, 5 young (5120K), 2 survivors (2048K)
 Metaspace       used 50480K, committed 51008K, reserved 1114112K
  class space    used 7008K, committed 7232K, reserved 1048576K
}
Event: 14.265 GC heap after
{Heap after GC invocations=26 (full 0):
 garbage-first heap   total 104448K, used 60452K [0x00000000a0000000, 0x0000000100000000)
  region size 1024K, 1 young (1024K), 1 survivors (1024K)
 Metaspace       used 50480K, committed 51008K, reserved 1114112K
  class space    used 7008K, committed 7232K, reserved 1048576K
}
Event: 14.929 GC heap before
{Heap before GC invocations=26 (full 0):
 garbage-first heap   total 104448K, used 84004K [0x00000000a0000000, 0x0000000100000000)
  region size 1024K, 25 young (25600K), 1 survivors (1024K)
 Metaspace       used 53155K, committed 53696K, reserved 1114112K
  class space    used 7287K, committed 7552K, reserved 1048576K
}
Event: 14.931 GC heap after
{Heap after GC invocations=27 (full 0):
 garbage-first heap   total 104448K, used 61083K [0x00000000a0000000, 0x0000000100000000)
  region size 1024K, 1 young (1024K), 1 survivors (1024K)
 Metaspace       used 53155K, committed 53696K, reserved 1114112K
  class space    used 7287K, committed 7552K, reserved 1048576K
}
Event: 15.619 GC heap before
{Heap before GC invocations=28 (full 0):
 garbage-first heap   total 107520K, used 86683K [0x00000000a0000000, 0x0000000100000000)
  region size 1024K, 26 young (26624K), 1 survivors (1024K)
 Metaspace       used 55980K, committed 56512K, reserved 1114112K
  class space    used 7628K, committed 7872K, reserved 1048576K
}
Event: 15.622 GC heap after
{Heap after GC invocations=29 (full 0):
 garbage-first heap   total 107520K, used 61869K [0x00000000a0000000, 0x0000000100000000)
  region size 1024K, 2 young (2048K), 2 survivors (2048K)
 Metaspace       used 55980K, committed 56512K, reserved 1114112K
  class space    used 7628K, committed 7872K, reserved 1048576K
}
Event: 15.720 GC heap before
{Heap before GC invocations=29 (full 0):
 garbage-first heap   total 107520K, used 64941K [0x00000000a0000000, 0x0000000100000000)
  region size 1024K, 5 young (5120K), 2 survivors (2048K)
 Metaspace       used 56278K, committed 56832K, reserved 1114112K
  class space    used 7680K, committed 7936K, reserved 1048576K
}
Event: 15.723 GC heap after
{Heap after GC invocations=30 (full 0):
 garbage-first heap   total 107520K, used 61761K [0x00000000a0000000, 0x0000000100000000)
  region size 1024K, 1 young (1024K), 1 survivors (1024K)
 Metaspace       used 56278K, committed 56832K, reserved 1114112K
  class space    used 7680K, committed 7936K, reserved 1048576K
}

